2024-09-18 00:05:41,024:ERROR:Error loading configuration file: while scanning for the next token
found character '`' that cannot start any token
  in "config.yaml", line 1, column 1
2024-09-18 00:06:01,868:INFO:Configuration file loaded successfully.
2024-09-18 00:06:01,869:INFO:Input validation passed.
2024-09-18 00:06:02,600:INFO:Historical stock data fetched successfully.
2024-09-18 00:06:02,601:INFO:Daily returns calculated successfully.
2024-09-18 00:06:02,608:INFO:Mean returns and covariance matrix calculated successfully.
2024-09-18 00:06:02,793:INFO:Monte Carlo simulation completed successfully.
2024-09-18 00:06:02,794:INFO:Simulation results analyzed successfully.
2024-09-18 00:06:09,301:INFO:Simulation results plotted successfully.
2024-09-18 00:06:09,301:INFO:Results displayed successfully.
2024-09-18 00:19:49,246:INFO:Configuration file loaded successfully.
2024-09-18 00:19:49,246:INFO:Input validation passed.
2024-09-18 00:19:49,545:INFO:Historical stock data fetched successfully.
2024-09-18 00:19:49,547:INFO:Daily returns calculated successfully.
2024-09-18 00:19:49,548:INFO:Mean returns and covariance matrix calculated successfully.
2024-09-18 00:19:49,719:INFO:Monte Carlo simulation completed successfully.
2024-09-18 00:19:49,745:INFO:Simulation results analyzed successfully.
2024-09-18 00:19:56,406:INFO:Simulation results plotted successfully.
2024-09-18 00:19:56,636:INFO:Distribution plot created successfully.
2024-09-18 00:19:56,879:INFO:Confidence interval plot created successfully.
2024-09-18 00:19:56,979:INFO:Cumulative probability plot created successfully.
2024-09-18 00:19:56,979:INFO:Results displayed successfully.
